This file contains any messages produced by compilers while
running configure, to aid debugging if configure makes a mistake.

It was created by freeglut library configure 2.6.0, which was
generated by GNU Autoconf 2.68.  Invocation command line was

  $ ./configure --prefix=/home/travis/Desktop/work/PV/CS130-Group/lib/freeglut-2.6.0/install

## --------- ##
## Platform. ##
## --------- ##

hostname = travis-lap
uname -m = x86_64
uname -r = 3.2.0-24-generic
uname -s = Linux
uname -v = #39-Ubuntu SMP Mon May 21 16:52:17 UTC 2012

/usr/bin/uname -p = unknown
/bin/uname -X     = unknown

/bin/arch              = unknown
/usr/bin/arch -k       = unknown
/usr/convex/getsysinfo = unknown
/usr/bin/hostinfo      = unknown
/bin/machine           = unknown
/usr/bin/oslevel       = unknown
/bin/universe          = unknown

PATH: /usr/lib/lightdm/lightdm
PATH: /usr/local/sbin
PATH: /usr/local/bin
PATH: /usr/sbin
PATH: /usr/bin
PATH: /sbin
PATH: /bin
PATH: /usr/games


## ----------- ##
## Core tests. ##
## ----------- ##

configure:2609: checking for a BSD-compatible install
configure:2677: result: /usr/bin/install -c
configure:2688: checking whether build environment is sane
configure:2725: result: yes
configure:2750: checking for a thread-safe mkdir -p
configure:2789: result: /bin/mkdir -p
configure:2802: checking for gawk
configure:2832: result: no
configure:2802: checking for mawk
configure:2818: found /usr/bin/mawk
configure:2829: result: mawk
configure:2840: checking whether make sets $(MAKE)
configure:2862: result: yes
configure:3101: checking for gcc
configure:3117: found /usr/bin/gcc
configure:3128: result: gcc
configure:3357: checking for C compiler version
configure:3366: gcc --version >&5
gcc (Ubuntu/Linaro 4.6.3-1ubuntu5) 4.6.3
Copyright (C) 2011 Free Software Foundation, Inc.
This is free software; see the source for copying conditions.  There is NO
warranty; not even for MERCHANTABILITY or FITNESS FOR A PARTICULAR PURPOSE.

configure:3377: $? = 0
configure:3366: gcc -v >&5
Using built-in specs.
COLLECT_GCC=gcc
COLLECT_LTO_WRAPPER=/usr/lib/gcc/x86_64-linux-gnu/4.6/lto-wrapper
Target: x86_64-linux-gnu
Configured with: ../src/configure -v --with-pkgversion='Ubuntu/Linaro 4.6.3-1ubuntu5' --with-bugurl=file:///usr/share/doc/gcc-4.6/README.Bugs --enable-languages=c,c++,fortran,objc,obj-c++ --prefix=/usr --program-suffix=-4.6 --enable-shared --enable-linker-build-id --with-system-zlib --libexecdir=/usr/lib --without-included-gettext --enable-threads=posix --with-gxx-include-dir=/usr/include/c++/4.6 --libdir=/usr/lib --enable-nls --with-sysroot=/ --enable-clocale=gnu --enable-libstdcxx-debug --enable-libstdcxx-time=yes --enable-gnu-unique-object --enable-plugin --enable-objc-gc --disable-werror --with-arch-32=i686 --with-tune=generic --enable-checking=release --build=x86_64-linux-gnu --host=x86_64-linux-gnu --target=x86_64-linux-gnu
Thread model: posix
gcc version 4.6.3 (Ubuntu/Linaro 4.6.3-1ubuntu5) 
configure:3377: $? = 0
configure:3366: gcc -V >&5
gcc: error: unrecognized option '-V'
gcc: fatal error: no input files
compilation terminated.
configure:3377: $? = 4
configure:3366: gcc -qversion >&5
gcc: error: unrecognized option '-qversion'
gcc: fatal error: no input files
compilation terminated.
configure:3377: $? = 4
configure:3397: checking whether the C compiler works
configure:3419: gcc    conftest.c  >&5
configure:3423: $? = 0
configure:3471: result: yes
configure:3474: checking for C compiler default output file name
configure:3476: result: a.out
configure:3482: checking for suffix of executables
configure:3489: gcc -o conftest    conftest.c  >&5
configure:3493: $? = 0
configure:3515: result: 
configure:3537: checking whether we are cross compiling
configure:3545: gcc -o conftest    conftest.c  >&5
configure:3549: $? = 0
configure:3556: ./conftest
configure:3560: $? = 0
configure:3575: result: no
configure:3580: checking for suffix of object files
configure:3602: gcc -c   conftest.c >&5
configure:3606: $? = 0
configure:3627: result: o
configure:3631: checking whether we are using the GNU C compiler
configure:3650: gcc -c   conftest.c >&5
configure:3650: $? = 0
configure:3659: result: yes
configure:3668: checking whether gcc accepts -g
configure:3688: gcc -c -g  conftest.c >&5
configure:3688: $? = 0
configure:3729: result: yes
configure:3746: checking for gcc option to accept ISO C89
configure:3810: gcc  -c -g -O2  conftest.c >&5
configure:3810: $? = 0
configure:3823: result: none needed
configure:3854: checking for style of include used by make
configure:3882: result: GNU
configure:3907: checking dependency style of gcc
configure:3998: result: gcc3
configure:4014: checking whether gcc and cc understand -c and -o together
configure:4045: gcc -c conftest.c -o conftest2.o >&5
configure:4049: $? = 0
configure:4055: gcc -c conftest.c -o conftest2.o >&5
configure:4059: $? = 0
configure:4070: cc -c conftest.c >&5
configure:4074: $? = 0
configure:4082: cc -c conftest.c -o conftest2.o >&5
configure:4086: $? = 0
configure:4092: cc -c conftest.c -o conftest2.o >&5
configure:4096: $? = 0
configure:4114: result: yes
configure:4139: checking for an ANSI C-conforming const
configure:4204: gcc -c -g -O2  conftest.c >&5
configure:4204: $? = 0
configure:4211: result: yes
configure:4298: checking build system type
configure:4312: result: x86_64-unknown-linux-gnu
configure:4332: checking host system type
configure:4345: result: x86_64-unknown-linux-gnu
configure:4365: checking for a sed that does not truncate output
configure:4421: result: /bin/sed
configure:4424: checking for grep that handles long lines and -e
configure:4482: result: /bin/grep
configure:4487: checking for egrep
configure:4549: result: /bin/grep -E
configure:4565: checking for ld used by gcc
configure:4632: result: /usr/bin/ld
configure:4639: checking if the linker (/usr/bin/ld) is GNU ld
configure:4654: result: yes
configure:4659: checking for /usr/bin/ld option to reload object files
configure:4666: result: -r
configure:4684: checking for BSD-compatible nm
configure:4733: result: /usr/bin/nm -B
configure:4737: checking whether ln -s works
configure:4741: result: yes
configure:4748: checking how to recognize dependent libraries
configure:4934: result: pass_all
configure:5021: gcc -c -g -O2  conftest.c >&5
configure:5024: $? = 0
configure:5152: checking how to run the C preprocessor
configure:5183: gcc -E  conftest.c
configure:5183: $? = 0
configure:5197: gcc -E  conftest.c
conftest.c:11:28: fatal error: ac_nonexistent.h: No such file or directory
compilation terminated.
configure:5197: $? = 1
configure: failed program was:
| /* confdefs.h */
| #define PACKAGE_NAME "freeglut library"
| #define PACKAGE_TARNAME "freeglut"
| #define PACKAGE_VERSION "2.6.0"
| #define PACKAGE_STRING "freeglut library 2.6.0"
| #define PACKAGE_BUGREPORT "freeglut-bugs@lists.sourceforge.net"
| #define PACKAGE_URL ""
| #define PACKAGE "freeglut"
| #define VERSION "2.6.0"
| /* end confdefs.h.  */
| #include <ac_nonexistent.h>
configure:5222: result: gcc -E
configure:5242: gcc -E  conftest.c
configure:5242: $? = 0
configure:5256: gcc -E  conftest.c
conftest.c:11:28: fatal error: ac_nonexistent.h: No such file or directory
compilation terminated.
configure:5256: $? = 1
configure: failed program was:
| /* confdefs.h */
| #define PACKAGE_NAME "freeglut library"
| #define PACKAGE_TARNAME "freeglut"
| #define PACKAGE_VERSION "2.6.0"
| #define PACKAGE_STRING "freeglut library 2.6.0"
| #define PACKAGE_BUGREPORT "freeglut-bugs@lists.sourceforge.net"
| #define PACKAGE_URL ""
| #define PACKAGE "freeglut"
| #define VERSION "2.6.0"
| /* end confdefs.h.  */
| #include <ac_nonexistent.h>
configure:5285: checking for ANSI C header files
configure:5305: gcc -c -g -O2  conftest.c >&5
configure:5305: $? = 0
configure:5378: gcc -o conftest -g -O2   conftest.c  >&5
configure:5378: $? = 0
configure:5378: ./conftest
configure:5378: $? = 0
configure:5389: result: yes
configure:5402: checking for sys/types.h
configure:5402: gcc -c -g -O2  conftest.c >&5
configure:5402: $? = 0
configure:5402: result: yes
configure:5402: checking for sys/stat.h
configure:5402: gcc -c -g -O2  conftest.c >&5
configure:5402: $? = 0
configure:5402: result: yes
configure:5402: checking for stdlib.h
configure:5402: gcc -c -g -O2  conftest.c >&5
configure:5402: $? = 0
configure:5402: result: yes
configure:5402: checking for string.h
configure:5402: gcc -c -g -O2  conftest.c >&5
configure:5402: $? = 0
configure:5402: result: yes
configure:5402: checking for memory.h
configure:5402: gcc -c -g -O2  conftest.c >&5
configure:5402: $? = 0
configure:5402: result: yes
configure:5402: checking for strings.h
configure:5402: gcc -c -g -O2  conftest.c >&5
configure:5402: $? = 0
configure:5402: result: yes
configure:5402: checking for inttypes.h
configure:5402: gcc -c -g -O2  conftest.c >&5
configure:5402: $? = 0
configure:5402: result: yes
configure:5402: checking for stdint.h
configure:5402: gcc -c -g -O2  conftest.c >&5
configure:5402: $? = 0
configure:5402: result: yes
configure:5402: checking for unistd.h
configure:5402: gcc -c -g -O2  conftest.c >&5
configure:5402: $? = 0
configure:5402: result: yes
configure:5416: checking dlfcn.h usability
configure:5416: gcc -c -g -O2  conftest.c >&5
configure:5416: $? = 0
configure:5416: result: yes
configure:5416: checking dlfcn.h presence
configure:5416: gcc -E  conftest.c
configure:5416: $? = 0
configure:5416: result: yes
configure:5416: checking for dlfcn.h
configure:5416: result: yes
configure:5484: checking for g++
configure:5500: found /usr/bin/g++
configure:5511: result: g++
configure:5538: checking for C++ compiler version
configure:5547: g++ --version >&5
g++ (Ubuntu/Linaro 4.6.3-1ubuntu5) 4.6.3
Copyright (C) 2011 Free Software Foundation, Inc.
This is free software; see the source for copying conditions.  There is NO
warranty; not even for MERCHANTABILITY or FITNESS FOR A PARTICULAR PURPOSE.

configure:5558: $? = 0
configure:5547: g++ -v >&5
Using built-in specs.
COLLECT_GCC=g++
COLLECT_LTO_WRAPPER=/usr/lib/gcc/x86_64-linux-gnu/4.6/lto-wrapper
Target: x86_64-linux-gnu
Configured with: ../src/configure -v --with-pkgversion='Ubuntu/Linaro 4.6.3-1ubuntu5' --with-bugurl=file:///usr/share/doc/gcc-4.6/README.Bugs --enable-languages=c,c++,fortran,objc,obj-c++ --prefix=/usr --program-suffix=-4.6 --enable-shared --enable-linker-build-id --with-system-zlib --libexecdir=/usr/lib --without-included-gettext --enable-threads=posix --with-gxx-include-dir=/usr/include/c++/4.6 --libdir=/usr/lib --enable-nls --with-sysroot=/ --enable-clocale=gnu --enable-libstdcxx-debug --enable-libstdcxx-time=yes --enable-gnu-unique-object --enable-plugin --enable-objc-gc --disable-werror --with-arch-32=i686 --with-tune=generic --enable-checking=release --build=x86_64-linux-gnu --host=x86_64-linux-gnu --target=x86_64-linux-gnu
Thread model: posix
gcc version 4.6.3 (Ubuntu/Linaro 4.6.3-1ubuntu5) 
configure:5558: $? = 0
configure:5547: g++ -V >&5
g++: error: unrecognized option '-V'
g++: fatal error: no input files
compilation terminated.
configure:5558: $? = 4
configure:5547: g++ -qversion >&5
g++: error: unrecognized option '-qversion'
g++: fatal error: no input files
compilation terminated.
configure:5558: $? = 4
configure:5562: checking whether we are using the GNU C++ compiler
configure:5581: g++ -c   conftest.cpp >&5
configure:5581: $? = 0
configure:5590: result: yes
configure:5599: checking whether g++ accepts -g
configure:5619: g++ -c -g  conftest.cpp >&5
configure:5619: $? = 0
configure:5660: result: yes
configure:5685: checking dependency style of g++
configure:5776: result: gcc3
configure:5801: checking how to run the C++ preprocessor
configure:5828: g++ -E  conftest.cpp
configure:5828: $? = 0
configure:5842: g++ -E  conftest.cpp
conftest.cpp:22:28: fatal error: ac_nonexistent.h: No such file or directory
compilation terminated.
configure:5842: $? = 1
configure: failed program was:
| /* confdefs.h */
| #define PACKAGE_NAME "freeglut library"
| #define PACKAGE_TARNAME "freeglut"
| #define PACKAGE_VERSION "2.6.0"
| #define PACKAGE_STRING "freeglut library 2.6.0"
| #define PACKAGE_BUGREPORT "freeglut-bugs@lists.sourceforge.net"
| #define PACKAGE_URL ""
| #define PACKAGE "freeglut"
| #define VERSION "2.6.0"
| #define STDC_HEADERS 1
| #define HAVE_SYS_TYPES_H 1
| #define HAVE_SYS_STAT_H 1
| #define HAVE_STDLIB_H 1
| #define HAVE_STRING_H 1
| #define HAVE_MEMORY_H 1
| #define HAVE_STRINGS_H 1
| #define HAVE_INTTYPES_H 1
| #define HAVE_STDINT_H 1
| #define HAVE_UNISTD_H 1
| #define HAVE_DLFCN_H 1
| /* end confdefs.h.  */
| #include <ac_nonexistent.h>
configure:5867: result: g++ -E
configure:5887: g++ -E  conftest.cpp
configure:5887: $? = 0
configure:5901: g++ -E  conftest.cpp
conftest.cpp:22:28: fatal error: ac_nonexistent.h: No such file or directory
compilation terminated.
configure:5901: $? = 1
configure: failed program was:
| /* confdefs.h */
| #define PACKAGE_NAME "freeglut library"
| #define PACKAGE_TARNAME "freeglut"
| #define PACKAGE_VERSION "2.6.0"
| #define PACKAGE_STRING "freeglut library 2.6.0"
| #define PACKAGE_BUGREPORT "freeglut-bugs@lists.sourceforge.net"
| #define PACKAGE_URL ""
| #define PACKAGE "freeglut"
| #define VERSION "2.6.0"
| #define STDC_HEADERS 1
| #define HAVE_SYS_TYPES_H 1
| #define HAVE_SYS_STAT_H 1
| #define HAVE_STDLIB_H 1
| #define HAVE_STRING_H 1
| #define HAVE_MEMORY_H 1
| #define HAVE_STRINGS_H 1
| #define HAVE_INTTYPES_H 1
| #define HAVE_STDINT_H 1
| #define HAVE_UNISTD_H 1
| #define HAVE_DLFCN_H 1
| /* end confdefs.h.  */
| #include <ac_nonexistent.h>
configure:5985: checking for g77
configure:6015: result: no
configure:5985: checking for xlf
configure:6015: result: no
configure:5985: checking for f77
configure:6015: result: no
configure:5985: checking for frt
configure:6015: result: no
configure:5985: checking for pgf77
configure:6015: result: no
configure:5985: checking for cf77
configure:6015: result: no
configure:5985: checking for fort77
configure:6015: result: no
configure:5985: checking for fl32
configure:6015: result: no
configure:5985: checking for af77
configure:6015: result: no
configure:5985: checking for xlf90
configure:6015: result: no
configure:5985: checking for f90
configure:6015: result: no
configure:5985: checking for pgf90
configure:6015: result: no
configure:5985: checking for pghpf
configure:6015: result: no
configure:5985: checking for epcf90
configure:6015: result: no
configure:5985: checking for gfortran
configure:6015: result: no
configure:5985: checking for g95
configure:6015: result: no
configure:5985: checking for xlf95
configure:6015: result: no
configure:5985: checking for f95
configure:6015: result: no
configure:5985: checking for fort
configure:6015: result: no
configure:5985: checking for ifort
configure:6015: result: no
configure:5985: checking for ifc
configure:6015: result: no
configure:5985: checking for efc
configure:6015: result: no
configure:5985: checking for pgfortran
configure:6015: result: no
configure:5985: checking for pgf95
configure:6015: result: no
configure:5985: checking for lf95
configure:6015: result: no
configure:5985: checking for ftn
configure:6015: result: no
configure:6038: checking for Fortran 77 compiler version
configure:6047:  --version >&5
./configure: line 6049: --version: command not found
configure:6058: $? = 127
configure:6047:  -v >&5
./configure: line 6049: -v: command not found
configure:6058: $? = 127
configure:6047:  -V >&5
./configure: line 6049: -V: command not found
configure:6058: $? = 127
configure:6047:  -qversion >&5
./configure: line 6049: -qversion: command not found
configure:6058: $? = 127
configure:6067: checking whether we are using the GNU Fortran 77 compiler
configure:6080:  -c  conftest.F >&5
./configure: line 2143: -c: command not found
configure:6080: $? = 127
configure: failed program was:
|       program main
| #ifndef __GNUC__
|        choke me
| #endif
| 
|       end
configure:6089: result: no
configure:6095: checking whether  accepts -g
configure:6106:  -c -g conftest.f >&5
./configure: line 2143: -c: command not found
configure:6106: $? = 127
configure: failed program was:
|       program main
| 
|       end
configure:6114: result: no
configure:6147: checking the maximum length of command line arguments
configure:6259: result: 1572864
configure:6271: checking command to parse /usr/bin/nm -B output from gcc object
configure:6376: gcc -c -g -O2  conftest.c >&5
configure:6379: $? = 0
configure:6383: /usr/bin/nm -B conftest.o \| sed -n -e 's/^.*[ 	]\([ABCDGIRSTW][ABCDGIRSTW]*\)[ 	][ 	]*\([_A-Za-z][_A-Za-z0-9]*\)$/\1 \2 \2/p' \> conftest.nm
configure:6386: $? = 0
configure:6438: gcc -o conftest -g -O2   conftest.c conftstm.o >&5
configure:6441: $? = 0
configure:6479: result: ok
configure:6483: checking for objdir
configure:6498: result: .libs
configure:6590: checking for ar
configure:6606: found /usr/bin/ar
configure:6617: result: ar
configure:6682: checking for ranlib
configure:6698: found /usr/bin/ranlib
configure:6709: result: ranlib
configure:6774: checking for strip
configure:6790: found /usr/bin/strip
configure:6801: result: strip
configure:7362: checking if gcc supports -fno-rtti -fno-exceptions
configure:7380: gcc -c -g -O2  -fno-rtti -fno-exceptions conftest.c >&5
cc1: warning: command line option '-fno-rtti' is valid for C++/ObjC++ but not for C [enabled by default]
configure:7384: $? = 0
configure:7397: result: no
configure:7412: checking for gcc option to produce PIC
configure:7644: result: -fPIC
configure:7652: checking if gcc PIC flag -fPIC works
configure:7670: gcc -c -g -O2  -fPIC -DPIC conftest.c >&5
configure:7674: $? = 0
configure:7687: result: yes
configure:7715: checking if gcc static flag -static works
configure:7743: result: yes
configure:7753: checking if gcc supports -c -o file.o
configure:7774: gcc -c -g -O2  -o out/conftest2.o conftest.c >&5
configure:7778: $? = 0
configure:7800: result: yes
configure:7826: checking whether the gcc linker (/usr/bin/ld -m elf_x86_64) supports shared libraries
configure:8753: result: yes
configure:8774: checking whether -lc should be explicitly linked in
configure:8779: gcc -c -g -O2  conftest.c >&5
configure:8782: $? = 0
configure:8797: gcc -shared conftest.o  -v -Wl,-soname -Wl,conftest -o conftest 2\>\&1 \| grep  -lc  \>/dev/null 2\>\&1
configure:8800: $? = 0
configure:8812: result: no
configure:8820: checking dynamic linker characteristics
configure:9434: result: GNU/Linux ld.so
configure:9458: checking how to hardcode library paths into programs
configure:9483: result: immediate
configure:9497: checking whether stripping libraries is possible
configure:9502: result: yes
configure:9601: checking for shl_load
configure:9601: gcc -o conftest -g -O2   conftest.c  >&5
/tmp/ccQ6PoZS.o: In function `main':
/home/travis/Desktop/work/PV/CS130-Group/lib/freeglut-2.6.0/conftest.c:56: undefined reference to `shl_load'
collect2: ld returned 1 exit status
configure:9601: $? = 1
configure: failed program was:
| /* confdefs.h */
| #define PACKAGE_NAME "freeglut library"
| #define PACKAGE_TARNAME "freeglut"
| #define PACKAGE_VERSION "2.6.0"
| #define PACKAGE_STRING "freeglut library 2.6.0"
| #define PACKAGE_BUGREPORT "freeglut-bugs@lists.sourceforge.net"
| #define PACKAGE_URL ""
| #define PACKAGE "freeglut"
| #define VERSION "2.6.0"
| #define STDC_HEADERS 1
| #define HAVE_SYS_TYPES_H 1
| #define HAVE_SYS_STAT_H 1
| #define HAVE_STDLIB_H 1
| #define HAVE_STRING_H 1
| #define HAVE_MEMORY_H 1
| #define HAVE_STRINGS_H 1
| #define HAVE_INTTYPES_H 1
| #define HAVE_STDINT_H 1
| #define HAVE_UNISTD_H 1
| #define HAVE_DLFCN_H 1
| /* end confdefs.h.  */
| /* Define shl_load to an innocuous variant, in case <limits.h> declares shl_load.
|    For example, HP-UX 11i <limits.h> declares gettimeofday.  */
| #define shl_load innocuous_shl_load
| 
| /* System header to define __stub macros and hopefully few prototypes,
|     which can conflict with char shl_load (); below.
|     Prefer <limits.h> to <assert.h> if __STDC__ is defined, since
|     <limits.h> exists even on freestanding compilers.  */
| 
| #ifdef __STDC__
| # include <limits.h>
| #else
| # include <assert.h>
| #endif
| 
| #undef shl_load
| 
| /* Override any GCC internal prototype to avoid an error.
|    Use char because int might match the return type of a GCC
|    builtin and then its argument prototype would still apply.  */
| #ifdef __cplusplus
| extern "C"
| #endif
| char shl_load ();
| /* The GNU C library defines this for functions which it implements
|     to always fail with ENOSYS.  Some functions are actually named
|     something starting with __ and the normal name is an alias.  */
| #if defined __stub_shl_load || defined __stub___shl_load
| choke me
| #endif
| 
| int
| main ()
| {
| return shl_load ();
|   ;
|   return 0;
| }
configure:9601: result: no
configure:9605: checking for shl_load in -ldld
configure:9630: gcc -o conftest -g -O2   conftest.c -ldld   >&5
/usr/bin/ld: cannot find -ldld
collect2: ld returned 1 exit status
configure:9630: $? = 1
configure: failed program was:
| /* confdefs.h */
| #define PACKAGE_NAME "freeglut library"
| #define PACKAGE_TARNAME "freeglut"
| #define PACKAGE_VERSION "2.6.0"
| #define PACKAGE_STRING "freeglut library 2.6.0"
| #define PACKAGE_BUGREPORT "freeglut-bugs@lists.sourceforge.net"
| #define PACKAGE_URL ""
| #define PACKAGE "freeglut"
| #define VERSION "2.6.0"
| #define STDC_HEADERS 1
| #define HAVE_SYS_TYPES_H 1
| #define HAVE_SYS_STAT_H 1
| #define HAVE_STDLIB_H 1
| #define HAVE_STRING_H 1
| #define HAVE_MEMORY_H 1
| #define HAVE_STRINGS_H 1
| #define HAVE_INTTYPES_H 1
| #define HAVE_STDINT_H 1
| #define HAVE_UNISTD_H 1
| #define HAVE_DLFCN_H 1
| /* end confdefs.h.  */
| 
| /* Override any GCC internal prototype to avoid an error.
|    Use char because int might match the return type of a GCC
|    builtin and then its argument prototype would still apply.  */
| #ifdef __cplusplus
| extern "C"
| #endif
| char shl_load ();
| int
| main ()
| {
| return shl_load ();
|   ;
|   return 0;
| }
configure:9639: result: no
configure:9644: checking for dlopen
configure:9644: gcc -o conftest -g -O2   conftest.c  >&5
/tmp/ccefzyZ4.o: In function `main':
/home/travis/Desktop/work/PV/CS130-Group/lib/freeglut-2.6.0/conftest.c:56: undefined reference to `dlopen'
collect2: ld returned 1 exit status
configure:9644: $? = 1
configure: failed program was:
| /* confdefs.h */
| #define PACKAGE_NAME "freeglut library"
| #define PACKAGE_TARNAME "freeglut"
| #define PACKAGE_VERSION "2.6.0"
| #define PACKAGE_STRING "freeglut library 2.6.0"
| #define PACKAGE_BUGREPORT "freeglut-bugs@lists.sourceforge.net"
| #define PACKAGE_URL ""
| #define PACKAGE "freeglut"
| #define VERSION "2.6.0"
| #define STDC_HEADERS 1
| #define HAVE_SYS_TYPES_H 1
| #define HAVE_SYS_STAT_H 1
| #define HAVE_STDLIB_H 1
| #define HAVE_STRING_H 1
| #define HAVE_MEMORY_H 1
| #define HAVE_STRINGS_H 1
| #define HAVE_INTTYPES_H 1
| #define HAVE_STDINT_H 1
| #define HAVE_UNISTD_H 1
| #define HAVE_DLFCN_H 1
| /* end confdefs.h.  */
| /* Define dlopen to an innocuous variant, in case <limits.h> declares dlopen.
|    For example, HP-UX 11i <limits.h> declares gettimeofday.  */
| #define dlopen innocuous_dlopen
| 
| /* System header to define __stub macros and hopefully few prototypes,
|     which can conflict with char dlopen (); below.
|     Prefer <limits.h> to <assert.h> if __STDC__ is defined, since
|     <limits.h> exists even on freestanding compilers.  */
| 
| #ifdef __STDC__
| # include <limits.h>
| #else
| # include <assert.h>
| #endif
| 
| #undef dlopen
| 
| /* Override any GCC internal prototype to avoid an error.
|    Use char because int might match the return type of a GCC
|    builtin and then its argument prototype would still apply.  */
| #ifdef __cplusplus
| extern "C"
| #endif
| char dlopen ();
| /* The GNU C library defines this for functions which it implements
|     to always fail with ENOSYS.  Some functions are actually named
|     something starting with __ and the normal name is an alias.  */
| #if defined __stub_dlopen || defined __stub___dlopen
| choke me
| #endif
| 
| int
| main ()
| {
| return dlopen ();
|   ;
|   return 0;
| }
configure:9644: result: no
configure:9648: checking for dlopen in -ldl
configure:9673: gcc -o conftest -g -O2   conftest.c -ldl   >&5
configure:9673: $? = 0
configure:9682: result: yes
configure:9801: checking whether a program can dlopen itself
configure:9875: gcc -o conftest -g -O2  -DHAVE_DLFCN_H  -Wl,--export-dynamic conftest.c -ldl  >&5
configure: In function 'main':
configure:9871:5: warning: incompatible implicit declaration of built-in function 'exit' [enabled by default]
configure:9878: $? = 0
configure:9896: result: yes
configure:9901: checking whether a statically linked program can dlopen itself
configure:9975: gcc -o conftest -g -O2  -DHAVE_DLFCN_H  -Wl,--export-dynamic -static conftest.c -ldl  >&5
configure: In function 'main':
configure:9971:5: warning: incompatible implicit declaration of built-in function 'exit' [enabled by default]
/tmp/cc0T1Nhn.o: In function `main':
/home/travis/Desktop/work/PV/CS130-Group/lib/freeglut-2.6.0/configure:9959: warning: Using 'dlopen' in statically linked applications requires at runtime the shared libraries from the glibc version used for linking
/usr/bin/ld: dynamic STT_GNU_IFUNC symbol `strcmp' with pointer equality in `/usr/lib/gcc/x86_64-linux-gnu/4.6/../../../x86_64-linux-gnu/libc.a(strcmp.o)' can not be used when making an executable; recompile with -fPIE and relink with -pie
collect2: ld returned 1 exit status
configure:9978: $? = 1
configure:9996: result: no
configure:10019: checking if libtool supports shared libraries
configure:10021: result: yes
configure:10024: checking whether to build shared libraries
configure:10045: result: yes
configure:10048: checking whether to build static libraries
configure:10052: result: yes
configure:10146: creating libtool
configure:10735: checking for ld used by g++
configure:10802: result: /usr/bin/ld -m elf_x86_64
configure:10809: checking if the linker (/usr/bin/ld -m elf_x86_64) is GNU ld
configure:10824: result: yes
configure:10875: checking whether the g++ linker (/usr/bin/ld -m elf_x86_64) supports shared libraries
configure:11767: result: yes
configure:11784: g++ -c -g -O2  conftest.cpp >&5
configure:11787: $? = 0
configure:11943: checking for g++ option to produce PIC
configure:12227: result: -fPIC
configure:12235: checking if g++ PIC flag -fPIC works
configure:12253: g++ -c -g -O2  -fPIC -DPIC conftest.cpp >&5
configure:12257: $? = 0
configure:12270: result: yes
configure:12298: checking if g++ static flag -static works
configure:12326: result: yes
configure:12336: checking if g++ supports -c -o file.o
configure:12357: g++ -c -g -O2  -o out/conftest2.o conftest.cpp >&5
configure:12361: $? = 0
configure:12383: result: yes
configure:12409: checking whether the g++ linker (/usr/bin/ld -m elf_x86_64) supports shared libraries
configure:12438: result: yes
configure:12505: checking dynamic linker characteristics
configure:13067: result: GNU/Linux ld.so
configure:13091: checking how to hardcode library paths into programs
configure:13116: result: immediate
configure:19262: checking for X
configure:19370: gcc -E  conftest.c
configure:19370: $? = 0
configure:19401: gcc -o conftest -g -O2   conftest.c -lX11  >&5
configure:19401: $? = 0
configure:19451: result: libraries , headers 
configure:19550: gcc -o conftest -g -O2   conftest.c   -lX11 >&5
configure:19550: $? = 0
configure:19648: checking for gethostbyname
configure:19648: gcc -o conftest -g -O2   conftest.c  >&5
configure:19648: $? = 0
configure:19648: result: yes
configure:19745: checking for connect
configure:19745: gcc -o conftest -g -O2   conftest.c  >&5
configure:19745: $? = 0
configure:19745: result: yes
configure:19794: checking for remove
configure:19794: gcc -o conftest -g -O2   conftest.c  >&5
configure:19794: $? = 0
configure:19794: result: yes
configure:19843: checking for shmat
configure:19843: gcc -o conftest -g -O2   conftest.c  >&5
configure:19843: $? = 0
configure:19843: result: yes
configure:19901: checking for IceConnectionNumber in -lICE
configure:19926: gcc -o conftest -g -O2   conftest.c -lICE   >&5
configure:19926: $? = 0
configure:19935: result: yes
configure:19954: checking for XF86VidModeSwitchToMode in -lXxf86vm
configure:19979: gcc -o conftest -g -O2   conftest.c -lXxf86vm  -lXext -lX11  >&5
/usr/bin/ld: cannot find -lXxf86vm
collect2: ld returned 1 exit status
configure:19979: $? = 1
configure: failed program was:
| /* confdefs.h */
| #define PACKAGE_NAME "freeglut library"
| #define PACKAGE_TARNAME "freeglut"
| #define PACKAGE_VERSION "2.6.0"
| #define PACKAGE_STRING "freeglut library 2.6.0"
| #define PACKAGE_BUGREPORT "freeglut-bugs@lists.sourceforge.net"
| #define PACKAGE_URL ""
| #define PACKAGE "freeglut"
| #define VERSION "2.6.0"
| #define STDC_HEADERS 1
| #define HAVE_SYS_TYPES_H 1
| #define HAVE_SYS_STAT_H 1
| #define HAVE_STDLIB_H 1
| #define HAVE_STRING_H 1
| #define HAVE_MEMORY_H 1
| #define HAVE_STRINGS_H 1
| #define HAVE_INTTYPES_H 1
| #define HAVE_STDINT_H 1
| #define HAVE_UNISTD_H 1
| #define HAVE_DLFCN_H 1
| /* end confdefs.h.  */
| 
| /* Override any GCC internal prototype to avoid an error.
|    Use char because int might match the return type of a GCC
|    builtin and then its argument prototype would still apply.  */
| #ifdef __cplusplus
| extern "C"
| #endif
| char XF86VidModeSwitchToMode ();
| int
| main ()
| {
| return XF86VidModeSwitchToMode ();
|   ;
|   return 0;
| }
configure:19988: result: no
configure:20007: checking for ANSI C header files
configure:20111: result: yes
configure:20124: checking GL/gl.h usability
configure:20124: gcc -c -g -O2   conftest.c >&5
configure:20124: $? = 0
configure:20124: result: yes
configure:20124: checking GL/gl.h presence
configure:20124: gcc -E   conftest.c
configure:20124: $? = 0
configure:20124: result: yes
configure:20124: checking for GL/gl.h
configure:20124: result: yes
configure:20124: checking GL/glu.h usability
configure:20124: gcc -c -g -O2   conftest.c >&5
configure:20124: $? = 0
configure:20124: result: yes
configure:20124: checking GL/glu.h presence
configure:20124: gcc -E   conftest.c
configure:20124: $? = 0
configure:20124: result: yes
configure:20124: checking for GL/glu.h
configure:20124: result: yes
configure:20124: checking GL/glx.h usability
configure:20124: gcc -c -g -O2   conftest.c >&5
configure:20124: $? = 0
configure:20124: result: yes
configure:20124: checking GL/glx.h presence
configure:20124: gcc -E   conftest.c
configure:20124: $? = 0
configure:20124: result: yes
configure:20124: checking for GL/glx.h
configure:20124: result: yes
configure:20124: checking fcntl.h usability
configure:20124: gcc -c -g -O2   conftest.c >&5
configure:20124: $? = 0
configure:20124: result: yes
configure:20124: checking fcntl.h presence
configure:20124: gcc -E   conftest.c
configure:20124: $? = 0
configure:20124: result: yes
configure:20124: checking for fcntl.h
configure:20124: result: yes
configure:20124: checking limits.h usability
configure:20124: gcc -c -g -O2   conftest.c >&5
configure:20124: $? = 0
configure:20124: result: yes
configure:20124: checking limits.h presence
configure:20124: gcc -E   conftest.c
configure:20124: $? = 0
configure:20124: result: yes
configure:20124: checking for limits.h
configure:20124: result: yes
configure:20124: checking sys/ioctl.h usability
configure:20124: gcc -c -g -O2   conftest.c >&5
configure:20124: $? = 0
configure:20124: result: yes
configure:20124: checking sys/ioctl.h presence
configure:20124: gcc -E   conftest.c
configure:20124: $? = 0
configure:20124: result: yes
configure:20124: checking for sys/ioctl.h
configure:20124: result: yes
configure:20124: checking sys/param.h usability
configure:20124: gcc -c -g -O2   conftest.c >&5
configure:20124: $? = 0
configure:20124: result: yes
configure:20124: checking sys/param.h presence
configure:20124: gcc -E   conftest.c
configure:20124: $? = 0
configure:20124: result: yes
configure:20124: checking for sys/param.h
configure:20124: result: yes
configure:20124: checking sys/time.h usability
configure:20124: gcc -c -g -O2   conftest.c >&5
configure:20124: $? = 0
configure:20124: result: yes
configure:20124: checking sys/time.h presence
configure:20124: gcc -E   conftest.c
configure:20124: $? = 0
configure:20124: result: yes
configure:20124: checking for sys/time.h
configure:20124: result: yes
configure:20134: checking whether time.h and sys/time.h may both be included
configure:20154: gcc -c -g -O2   conftest.c >&5
configure:20154: $? = 0
configure:20161: result: yes
configure:20171: checking for X11/extensions/xf86vmode.h
configure:20171: gcc -c -g -O2   conftest.c >&5
conftest.c:34:38: fatal error: X11/extensions/xf86vmode.h: No such file or directory
compilation terminated.
configure:20171: $? = 1
configure: failed program was:
| /* confdefs.h */
| #define PACKAGE_NAME "freeglut library"
| #define PACKAGE_TARNAME "freeglut"
| #define PACKAGE_VERSION "2.6.0"
| #define PACKAGE_STRING "freeglut library 2.6.0"
| #define PACKAGE_BUGREPORT "freeglut-bugs@lists.sourceforge.net"
| #define PACKAGE_URL ""
| #define PACKAGE "freeglut"
| #define VERSION "2.6.0"
| #define STDC_HEADERS 1
| #define HAVE_SYS_TYPES_H 1
| #define HAVE_SYS_STAT_H 1
| #define HAVE_STDLIB_H 1
| #define HAVE_STRING_H 1
| #define HAVE_MEMORY_H 1
| #define HAVE_STRINGS_H 1
| #define HAVE_INTTYPES_H 1
| #define HAVE_STDINT_H 1
| #define HAVE_UNISTD_H 1
| #define HAVE_DLFCN_H 1
| #define STDC_HEADERS 1
| #define HAVE_GL_GL_H 1
| #define HAVE_GL_GLU_H 1
| #define HAVE_GL_GLX_H 1
| #define HAVE_FCNTL_H 1
| #define HAVE_LIMITS_H 1
| #define HAVE_SYS_IOCTL_H 1
| #define HAVE_SYS_PARAM_H 1
| #define HAVE_SYS_TIME_H 1
| #define TIME_WITH_SYS_TIME 1
| /* end confdefs.h.  */
| #include <X11/Xlib.h>
| 
| #include <X11/extensions/xf86vmode.h>
configure:20171: result: no
configure:20185: checking X11/extensions/XI.h usability
configure:20185: gcc -c -g -O2   conftest.c >&5
configure:20185: $? = 0
configure:20185: result: yes
configure:20185: checking X11/extensions/XI.h presence
configure:20185: gcc -E   conftest.c
configure:20185: $? = 0
configure:20185: result: yes
configure:20185: checking for X11/extensions/XI.h
configure:20185: result: yes
configure:20185: checking X11/extensions/XInput.h usability
configure:20185: gcc -c -g -O2   conftest.c >&5
configure:20185: $? = 0
configure:20185: result: yes
configure:20185: checking X11/extensions/XInput.h presence
configure:20185: gcc -E   conftest.c
configure:20185: $? = 0
configure:20185: result: yes
configure:20185: checking for X11/extensions/XInput.h
configure:20185: result: yes
configure:20199: checking whether gcc needs -traditional
configure:20233: result: no
configure:20242: checking for vprintf
configure:20242: gcc -o conftest -g -O2   conftest.c  >&5
conftest.c:57:6: warning: conflicting types for built-in function 'vprintf' [enabled by default]
configure:20242: $? = 0
configure:20242: result: yes
configure:20248: checking for _doprnt
configure:20248: gcc -o conftest -g -O2   conftest.c  >&5
/tmp/cciVev6b.o: In function `main':
/home/travis/Desktop/work/PV/CS130-Group/lib/freeglut-2.6.0/conftest.c:69: undefined reference to `_doprnt'
collect2: ld returned 1 exit status
configure:20248: $? = 1
configure: failed program was:
| /* confdefs.h */
| #define PACKAGE_NAME "freeglut library"
| #define PACKAGE_TARNAME "freeglut"
| #define PACKAGE_VERSION "2.6.0"
| #define PACKAGE_STRING "freeglut library 2.6.0"
| #define PACKAGE_BUGREPORT "freeglut-bugs@lists.sourceforge.net"
| #define PACKAGE_URL ""
| #define PACKAGE "freeglut"
| #define VERSION "2.6.0"
| #define STDC_HEADERS 1
| #define HAVE_SYS_TYPES_H 1
| #define HAVE_SYS_STAT_H 1
| #define HAVE_STDLIB_H 1
| #define HAVE_STRING_H 1
| #define HAVE_MEMORY_H 1
| #define HAVE_STRINGS_H 1
| #define HAVE_INTTYPES_H 1
| #define HAVE_STDINT_H 1
| #define HAVE_UNISTD_H 1
| #define HAVE_DLFCN_H 1
| #define STDC_HEADERS 1
| #define HAVE_GL_GL_H 1
| #define HAVE_GL_GLU_H 1
| #define HAVE_GL_GLX_H 1
| #define HAVE_FCNTL_H 1
| #define HAVE_LIMITS_H 1
| #define HAVE_SYS_IOCTL_H 1
| #define HAVE_SYS_PARAM_H 1
| #define HAVE_SYS_TIME_H 1
| #define TIME_WITH_SYS_TIME 1
| #define HAVE_X11_EXTENSIONS_XI_H 1
| #define HAVE_X11_EXTENSIONS_XINPUT_H 1
| #define HAVE_VPRINTF 1
| /* end confdefs.h.  */
| /* Define _doprnt to an innocuous variant, in case <limits.h> declares _doprnt.
|    For example, HP-UX 11i <limits.h> declares gettimeofday.  */
| #define _doprnt innocuous__doprnt
| 
| /* System header to define __stub macros and hopefully few prototypes,
|     which can conflict with char _doprnt (); below.
|     Prefer <limits.h> to <assert.h> if __STDC__ is defined, since
|     <limits.h> exists even on freestanding compilers.  */
| 
| #ifdef __STDC__
| # include <limits.h>
| #else
| # include <assert.h>
| #endif
| 
| #undef _doprnt
| 
| /* Override any GCC internal prototype to avoid an error.
|    Use char because int might match the return type of a GCC
|    builtin and then its argument prototype would still apply.  */
| #ifdef __cplusplus
| extern "C"
| #endif
| char _doprnt ();
| /* The GNU C library defines this for functions which it implements
|     to always fail with ENOSYS.  Some functions are actually named
|     something starting with __ and the normal name is an alias.  */
| #if defined __stub__doprnt || defined __stub____doprnt
| choke me
| #endif
| 
| int
| main ()
| {
| return _doprnt ();
|   ;
|   return 0;
| }
configure:20248: result: no
configure:20347: checking for cos in -lm
configure:20372: gcc -o conftest -g -O2   conftest.c -lm   >&5
conftest.c:42:6: warning: conflicting types for built-in function 'cos' [enabled by default]
configure:20372: $? = 0
configure:20381: result: yes
configure:20393: checking for gettimeofday
configure:20393: gcc -o conftest -g -O2   conftest.c  >&5
configure:20393: $? = 0
configure:20393: result: yes
configure:20577: creating ./config.status

## ---------------------- ##
## Running config.status. ##
## ---------------------- ##

This file was extended by freeglut library config.status 2.6.0, which was
generated by GNU Autoconf 2.68.  Invocation command line was

  CONFIG_FILES    = 
  CONFIG_HEADERS  = 
  CONFIG_LINKS    = 
  CONFIG_COMMANDS = 
  $ ./config.status 

on travis-lap

config.status:926: creating Makefile
config.status:926: creating doc/Makefile
config.status:926: creating include/GL/Makefile
config.status:926: creating include/Makefile
config.status:926: creating progs/Makefile
config.status:926: creating progs/demos/CallbackMaker/Makefile
config.status:926: creating progs/demos/Fractals/Makefile
config.status:926: creating progs/demos/Fractals_random/Makefile
config.status:926: creating progs/demos/Lorenz/Makefile
config.status:926: creating progs/demos/Makefile
config.status:926: creating progs/demos/One/Makefile
config.status:926: creating progs/demos/shapes/Makefile
config.status:926: creating progs/demos/smooth_opengl3/Makefile
config.status:926: creating progs/demos/spaceball/Makefile
config.status:926: creating src/Makefile
config.status:926: creating config.h
config.status:1107: config.h is unchanged
config.status:1155: executing depfiles commands

## ---------------- ##
## Cache variables. ##
## ---------------- ##

ac_cv_build=x86_64-unknown-linux-gnu
ac_cv_c_compiler_gnu=yes
ac_cv_c_const=yes
ac_cv_cxx_compiler_gnu=yes
ac_cv_env_CCC_set=
ac_cv_env_CCC_value=
ac_cv_env_CC_set=
ac_cv_env_CC_value=
ac_cv_env_CFLAGS_set=
ac_cv_env_CFLAGS_value=
ac_cv_env_CPPFLAGS_set=
ac_cv_env_CPPFLAGS_value=
ac_cv_env_CPP_set=
ac_cv_env_CPP_value=
ac_cv_env_CXXCPP_set=
ac_cv_env_CXXCPP_value=
ac_cv_env_CXXFLAGS_set=
ac_cv_env_CXXFLAGS_value=
ac_cv_env_CXX_set=
ac_cv_env_CXX_value=
ac_cv_env_F77_set=
ac_cv_env_F77_value=
ac_cv_env_FFLAGS_set=
ac_cv_env_FFLAGS_value=
ac_cv_env_LDFLAGS_set=
ac_cv_env_LDFLAGS_value=
ac_cv_env_LIBS_set=
ac_cv_env_LIBS_value=
ac_cv_env_XMKMF_set=
ac_cv_env_XMKMF_value=
ac_cv_env_build_alias_set=
ac_cv_env_build_alias_value=
ac_cv_env_host_alias_set=
ac_cv_env_host_alias_value=
ac_cv_env_target_alias_set=
ac_cv_env_target_alias_value=
ac_cv_f77_compiler_gnu=no
ac_cv_func__doprnt=no
ac_cv_func_connect=yes
ac_cv_func_dlopen=no
ac_cv_func_gethostbyname=yes
ac_cv_func_gettimeofday=yes
ac_cv_func_remove=yes
ac_cv_func_shl_load=no
ac_cv_func_shmat=yes
ac_cv_func_vprintf=yes
ac_cv_have_x='have_x=yes	ac_x_includes='\'''\''	ac_x_libraries='\'''\'''
ac_cv_header_GL_gl_h=yes
ac_cv_header_GL_glu_h=yes
ac_cv_header_GL_glx_h=yes
ac_cv_header_X11_extensions_XI_h=yes
ac_cv_header_X11_extensions_XInput_h=yes
ac_cv_header_X11_extensions_xf86vmode_h=no
ac_cv_header_dlfcn_h=yes
ac_cv_header_fcntl_h=yes
ac_cv_header_inttypes_h=yes
ac_cv_header_limits_h=yes
ac_cv_header_memory_h=yes
ac_cv_header_stdc=yes
ac_cv_header_stdint_h=yes
ac_cv_header_stdlib_h=yes
ac_cv_header_string_h=yes
ac_cv_header_strings_h=yes
ac_cv_header_sys_ioctl_h=yes
ac_cv_header_sys_param_h=yes
ac_cv_header_sys_stat_h=yes
ac_cv_header_sys_time_h=yes
ac_cv_header_sys_types_h=yes
ac_cv_header_time=yes
ac_cv_header_unistd_h=yes
ac_cv_host=x86_64-unknown-linux-gnu
ac_cv_lib_ICE_IceConnectionNumber=yes
ac_cv_lib_Xxf86vm_XF86VidModeSwitchToMode=no
ac_cv_lib_dl_dlopen=yes
ac_cv_lib_dld_shl_load=no
ac_cv_lib_m_cos=yes
ac_cv_objext=o
ac_cv_path_EGREP='/bin/grep -E'
ac_cv_path_GREP=/bin/grep
ac_cv_path_install='/usr/bin/install -c'
ac_cv_path_mkdir=/bin/mkdir
ac_cv_prog_AWK=mawk
ac_cv_prog_CPP='gcc -E'
ac_cv_prog_CXXCPP='g++ -E'
ac_cv_prog_ac_ct_AR=ar
ac_cv_prog_ac_ct_CC=gcc
ac_cv_prog_ac_ct_CXX=g++
ac_cv_prog_ac_ct_RANLIB=ranlib
ac_cv_prog_ac_ct_STRIP=strip
ac_cv_prog_cc_c89=
ac_cv_prog_cc_g=yes
ac_cv_prog_cc_gcc_c_o=yes
ac_cv_prog_cxx_g=yes
ac_cv_prog_f77_g=no
ac_cv_prog_gcc_traditional=no
ac_cv_prog_make_make_set=yes
am_cv_CC_dependencies_compiler_type=gcc3
am_cv_CXX_dependencies_compiler_type=gcc3
lt_cv_deplibs_check_method=pass_all
lt_cv_dlopen=dlopen
lt_cv_dlopen_libs=-ldl
lt_cv_dlopen_self=yes
lt_cv_dlopen_self_static=no
lt_cv_file_magic_cmd='$MAGIC_CMD'
lt_cv_file_magic_test_file=
lt_cv_ld_reload_flag=-r
lt_cv_objdir=.libs
lt_cv_path_LD=/usr/bin/ld
lt_cv_path_LDCXX='/usr/bin/ld -m elf_x86_64'
lt_cv_path_NM='/usr/bin/nm -B'
lt_cv_path_SED=/bin/sed
lt_cv_prog_compiler_c_o=yes
lt_cv_prog_compiler_c_o_CXX=yes
lt_cv_prog_compiler_pic_works=yes
lt_cv_prog_compiler_pic_works_CXX=yes
lt_cv_prog_compiler_rtti_exceptions=no
lt_cv_prog_compiler_static_works=yes
lt_cv_prog_compiler_static_works_CXX=yes
lt_cv_prog_gnu_ld=yes
lt_cv_prog_gnu_ldcxx=yes
lt_cv_sys_global_symbol_pipe='sed -n -e '\''s/^.*[ 	]\([ABCDGIRSTW][ABCDGIRSTW]*\)[ 	][ 	]*\([_A-Za-z][_A-Za-z0-9]*\)$/\1 \2 \2/p'\'''
lt_cv_sys_global_symbol_to_c_name_address='sed -n -e '\''s/^: \([^ ]*\) $/  {\"\1\", (lt_ptr) 0},/p'\'' -e '\''s/^[BCDEGRST] \([^ ]*\) \([^ ]*\)$/  {"\2", (lt_ptr) \&\2},/p'\'''
lt_cv_sys_global_symbol_to_cdecl='sed -n -e '\''s/^. .* \(.*\)$/extern int \1;/p'\'''
lt_cv_sys_lib_dlsearch_path_spec='/lib /usr/lib /usr/lib/i386-linux-gnu/mesa /lib/i386-linux-gnu /usr/lib/i386-linux-gnu /lib/i686-linux-gnu /usr/lib/i686-linux-gnu /usr/local/lib /lib/x86_64-linux-gnu /usr/lib/x86_64-linux-gnu /usr/lib/x86_64-linux-gnu/mesa /lib32 /usr/lib32 '
lt_cv_sys_lib_search_path_spec='/usr/lib/gcc/x86_64-linux-gnu/4.6 /usr/lib/x86_64-linux-gnu /usr/lib /lib/x86_64-linux-gnu /lib'
lt_cv_sys_max_cmd_len=1572864
lt_lt_cv_prog_compiler_c_o='"yes"'
lt_lt_cv_prog_compiler_c_o_CXX='"yes"'
lt_lt_cv_sys_global_symbol_pipe='"sed -n -e '\''s/^.*[ 	]\\([ABCDGIRSTW][ABCDGIRSTW]*\\)[ 	][ 	]*\\([_A-Za-z][_A-Za-z0-9]*\\)\$/\\1 \\2 \\2/p'\''"'
lt_lt_cv_sys_global_symbol_to_c_name_address='"sed -n -e '\''s/^: \\([^ ]*\\) \$/  {\\\"\\1\\\", (lt_ptr) 0},/p'\'' -e '\''s/^[BCDEGRST] \\([^ ]*\\) \\([^ ]*\\)\$/  {\"\\2\", (lt_ptr) \\&\\2},/p'\''"'
lt_lt_cv_sys_global_symbol_to_cdecl='"sed -n -e '\''s/^. .* \\(.*\\)\$/extern int \\1;/p'\''"'

## ----------------- ##
## Output variables. ##
## ----------------- ##

ACLOCAL='${SHELL} /home/travis/Desktop/work/PV/CS130-Group/lib/freeglut-2.6.0/missing --run aclocal-1.10'
AMDEPBACKSLASH='\'
AMDEP_FALSE='#'
AMDEP_TRUE=''
AMTAR='${SHELL} /home/travis/Desktop/work/PV/CS130-Group/lib/freeglut-2.6.0/missing --run tar'
AR='ar'
AUTOCONF='${SHELL} /home/travis/Desktop/work/PV/CS130-Group/lib/freeglut-2.6.0/missing --run autoconf'
AUTOHEADER='${SHELL} /home/travis/Desktop/work/PV/CS130-Group/lib/freeglut-2.6.0/missing --run autoheader'
AUTOMAKE='${SHELL} /home/travis/Desktop/work/PV/CS130-Group/lib/freeglut-2.6.0/missing --run automake-1.10'
AWK='mawk'
CC='gcc'
CCDEPMODE='depmode=gcc3'
CFLAGS='-g -O2 -Wall -pedantic'
CPP='gcc -E'
CPPFLAGS=''
CXX='g++'
CXXCPP='g++ -E'
CXXDEPMODE='depmode=gcc3'
CXXFLAGS='-g -O2'
CYGPATH_W='echo'
DEFS='-DHAVE_CONFIG_H'
DEPDIR='.deps'
DSYMUTIL=''
ECHO='echo'
ECHO_C=''
ECHO_N='-n'
ECHO_T=''
EGREP='/bin/grep -E'
EXEEXT=''
EXPORT_FLAGS=''
F77=''
FFLAGS=''
GL_LIBS='-lGL -lXext -lX11'
GREP='/bin/grep'
HEADER='glut.h'
INSTALL_DATA='${INSTALL} -m 644'
INSTALL_PROGRAM='${INSTALL}'
INSTALL_SCRIPT='${INSTALL}'
INSTALL_STRIP_PROGRAM='$(install_sh) -c -s'
LDFLAGS=''
LIBM='-lm'
LIBOBJS=''
LIBRARY='glut'
LIBS=''
LIBTOOL='$(SHELL) $(top_builddir)/libtool'
LIBTOOL_DEPS='./ltmain.sh'
LIBXI='-lXi'
LIBXXF86VM=''
LN_S='ln -s'
LTLIBOBJS=''
MAKEINFO='${SHELL} /home/travis/Desktop/work/PV/CS130-Group/lib/freeglut-2.6.0/missing --run makeinfo'
MKDIR_P='/bin/mkdir -p'
NMEDIT=''
OBJEXT='o'
PACKAGE='freeglut'
PACKAGE_BUGREPORT='freeglut-bugs@lists.sourceforge.net'
PACKAGE_NAME='freeglut library'
PACKAGE_STRING='freeglut library 2.6.0'
PACKAGE_TARNAME='freeglut'
PACKAGE_URL=''
PACKAGE_VERSION='2.6.0'
PATH_SEPARATOR=':'
RANLIB='ranlib'
SED='/bin/sed'
SET_MAKE=''
SHELL='/bin/bash'
STRIP='strip'
VERSION='2.6.0'
VERSION_INFO='-version-info 12:0:9'
XMKMF=''
X_CFLAGS=''
X_EXTRA_LIBS=''
X_LIBS=''
X_PRE_LIBS=' -lSM -lICE'
ac_ct_CC='gcc'
ac_ct_CXX='g++'
ac_ct_F77=''
am__fastdepCC_FALSE='#'
am__fastdepCC_TRUE=''
am__fastdepCXX_FALSE='#'
am__fastdepCXX_TRUE=''
am__include='include'
am__isrc=''
am__leading_dot='.'
am__quote=''
am__tar='${AMTAR} chof - "$$tardir"'
am__untar='${AMTAR} xf -'
bindir='${exec_prefix}/bin'
build='x86_64-unknown-linux-gnu'
build_alias=''
build_cpu='x86_64'
build_os='linux-gnu'
build_vendor='unknown'
datadir='${datarootdir}'
datarootdir='${prefix}/share'
docdir='${datarootdir}/doc/${PACKAGE_TARNAME}'
dvidir='${docdir}'
exec_prefix='${prefix}'
host='x86_64-unknown-linux-gnu'
host_alias=''
host_cpu='x86_64'
host_os='linux-gnu'
host_vendor='unknown'
htmldir='${docdir}'
includedir='${prefix}/include'
infodir='${datarootdir}/info'
install_sh='$(SHELL) /home/travis/Desktop/work/PV/CS130-Group/lib/freeglut-2.6.0/install-sh'
libdir='${exec_prefix}/lib'
libexecdir='${exec_prefix}/libexec'
localedir='${datarootdir}/locale'
localstatedir='${prefix}/var'
mandir='${datarootdir}/man'
mkdir_p='/bin/mkdir -p'
oldincludedir='/usr/include'
pdfdir='${docdir}'
prefix='/home/travis/Desktop/work/PV/CS130-Group/lib/freeglut-2.6.0/install'
program_transform_name='s,x,x,'
psdir='${docdir}'
sbindir='${exec_prefix}/sbin'
sharedstatedir='${prefix}/com'
sysconfdir='${prefix}/etc'
target_alias=''

## ----------- ##
## confdefs.h. ##
## ----------- ##

/* confdefs.h */
#define PACKAGE_NAME "freeglut library"
#define PACKAGE_TARNAME "freeglut"
#define PACKAGE_VERSION "2.6.0"
#define PACKAGE_STRING "freeglut library 2.6.0"
#define PACKAGE_BUGREPORT "freeglut-bugs@lists.sourceforge.net"
#define PACKAGE_URL ""
#define PACKAGE "freeglut"
#define VERSION "2.6.0"
#define STDC_HEADERS 1
#define HAVE_SYS_TYPES_H 1
#define HAVE_SYS_STAT_H 1
#define HAVE_STDLIB_H 1
#define HAVE_STRING_H 1
#define HAVE_MEMORY_H 1
#define HAVE_STRINGS_H 1
#define HAVE_INTTYPES_H 1
#define HAVE_STDINT_H 1
#define HAVE_UNISTD_H 1
#define HAVE_DLFCN_H 1
#define STDC_HEADERS 1
#define HAVE_GL_GL_H 1
#define HAVE_GL_GLU_H 1
#define HAVE_GL_GLX_H 1
#define HAVE_FCNTL_H 1
#define HAVE_LIMITS_H 1
#define HAVE_SYS_IOCTL_H 1
#define HAVE_SYS_PARAM_H 1
#define HAVE_SYS_TIME_H 1
#define TIME_WITH_SYS_TIME 1
#define HAVE_X11_EXTENSIONS_XI_H 1
#define HAVE_X11_EXTENSIONS_XINPUT_H 1
#define HAVE_VPRINTF 1
#define HAVE_GETTIMEOFDAY 1

configure: exit 0
